<?xml version="1.0" encoding="UTF-8"?>
<!-- Generated by org.testng.reporters.JUnitReportReporter -->
<testsuite skipped="0" hostname="DESKTOP-6DBAJNH" name="rest.NoBDDStyleGetRequest" tests="1" failures="0" timestamp="2021-04-19T19:30:41 IST" time="2.435" errors="0">
  <testcase name="GetBookingIds_VerifyStatusCode" time="2.435" classname="rest.NoBDDStyleGetRequest"/>
  <system-out/>
</testsuite> <!-- rest.NoBDDStyleGetRequest -->
